314  [main] INFO  o.x.r.client.Service.impl.RMIClient - Hello World!
344  [main] INFO  o.x.r.client.Service.impl.RMIClient - Hello World!
259  [main] INFO  org.xhome.annotation.DO.UserDO - is hava:false
264  [main] INFO  org.xhome.annotation.DO.UserDO - is hava:false
257  [main] INFO  org.xhome.annotation.DO.UserDO - is hava:false
267  [main] INFO  org.xhome.annotation.DO.UserDO - is hava:false
244  [main] INFO  org.xhome.annotation.DO.UserDO - is hava:false
267  [main] INFO  org.xhome.annotation.DO.UserDO - is hava:false
266  [main] INFO  org.xhome.annotation.DO.UserDO - has :false
280  [main] INFO  org.xhome.annotation.DO.UserDO - has :true
280  [main] INFO  org.xhome.annotation.DO.UserDO - has :false
237  [main] INFO  org.xhome.annotation.DO.UserDO - has :false
242  [main] INFO  org.xhome.annotation.DO.UserDO - has :false
242  [main] INFO  org.xhome.annotation.DO.UserDO - has :false
242  [main] INFO  org.xhome.annotation.DO.UserDO - has :false
242  [main] INFO  org.xhome.annotation.DO.UserDO - has :false
242  [main] INFO  org.xhome.annotation.DO.UserDO - has :false
243  [main] INFO  org.xhome.annotation.DO.UserDO - has :false
243  [main] INFO  org.xhome.annotation.DO.UserDO - has :false
243  [main] INFO  org.xhome.annotation.DO.UserDO - has :false
243  [main] INFO  org.xhome.annotation.DO.UserDO - has :false
243  [main] INFO  org.xhome.annotation.DO.UserDO - has :false
243  [main] INFO  org.xhome.annotation.DO.UserDO - has :false
250  [main] INFO  org.xhome.annotation.DO.UserDO - is hava:true
245  [main] INFO  org.xhome.annotation.DO.UserDO - has :false
250  [main] INFO  org.xhome.annotation.DO.UserDO - has :false
250  [main] INFO  org.xhome.annotation.DO.UserDO - has :false
250  [main] INFO  org.xhome.annotation.DO.UserDO - has :false
250  [main] INFO  org.xhome.annotation.DO.UserDO - has :false
250  [main] INFO  org.xhome.annotation.DO.UserDO - has :false
250  [main] INFO  org.xhome.annotation.DO.UserDO - has :false
251  [main] INFO  org.xhome.annotation.DO.UserDO - has :false
251  [main] INFO  org.xhome.annotation.DO.UserDO - has :false
251  [main] INFO  org.xhome.annotation.DO.UserDO - has :false
251  [main] INFO  org.xhome.annotation.DO.UserDO - has :false
251  [main] INFO  org.xhome.annotation.DO.UserDO - has :false
258  [main] INFO  org.xhome.annotation.DO.UserDO - is hava:true
